2022-11-08 11:26:59 [INFO][restartedMain][c.b.b.BookStoreApplication:55] Starting BookStoreApplication using Java 18.0.1.1 on DESKTOP-7H8U3U3 with PID 10600 (G:\vishangi\Felloship Program\Spring boot\BookStore\target\classes started by Jitesh in G:\vishangi\Felloship Program\Spring boot\BookStore)
2022-11-08 11:26:59 [INFO][restartedMain][c.b.b.BookStoreApplication:640] The following 1 profile is active: "dev"
2022-11-08 11:26:59 [INFO][restartedMain][o.s.b.d.e.DevToolsPropertyDefaultsPostProcessor:255] Devtools property defaults active! Set 'spring.devtools.add-properties' to 'false' to disable
2022-11-08 11:26:59 [INFO][restartedMain][o.s.b.d.e.DevToolsPropertyDefaultsPostProcessor:255] For additional web related logging consider setting the 'logging.level.web' property to 'DEBUG'
2022-11-08 11:27:02 [INFO][restartedMain][o.s.d.r.c.RepositoryConfigurationDelegate:132] Bootstrapping Spring Data JPA repositories in DEFAULT mode.
2022-11-08 11:27:02 [INFO][restartedMain][o.s.d.r.c.RepositoryConfigurationDelegate:201] Finished Spring Data repository scanning in 159 ms. Found 4 JPA repository interfaces.
2022-11-08 11:27:05 [INFO][restartedMain][o.s.b.w.e.t.TomcatWebServer:108] Tomcat initialized with port(s): 8080 (http)
2022-11-08 11:27:05 [INFO][restartedMain][o.a.c.c.StandardService:173] Starting service [Tomcat]
2022-11-08 11:27:05 [INFO][restartedMain][o.a.c.c.StandardEngine:173] Starting Servlet engine: [Apache Tomcat/9.0.65]
2022-11-08 11:27:05 [INFO][restartedMain][o.a.c.c.C.[.[.[/]:173] Initializing Spring embedded WebApplicationContext
2022-11-08 11:27:05 [INFO][restartedMain][o.s.b.w.s.c.ServletWebServerApplicationContext:292] Root WebApplicationContext: initialization completed in 6140 ms
2022-11-08 11:27:06 [INFO][restartedMain][o.h.j.i.u.LogHelper:31] HHH000204: Processing PersistenceUnitInfo [name: default]
2022-11-08 11:27:06 [INFO][restartedMain][o.h.Version:44] HHH000412: Hibernate ORM core version 5.6.10.Final
2022-11-08 11:27:07 [INFO][restartedMain][o.h.a.c.Version:56] HCANN000001: Hibernate Commons Annotations {5.1.2.Final}
2022-11-08 11:27:07 [INFO][restartedMain][c.z.h.HikariDataSource:110] HikariPool-1 - Starting...
2022-11-08 11:27:09 [INFO][restartedMain][c.z.h.HikariDataSource:123] HikariPool-1 - Start completed.
2022-11-08 11:27:09 [INFO][restartedMain][o.h.d.Dialect:175] HHH000400: Using dialect: org.hibernate.dialect.MySQL8Dialect
2022-11-08 11:27:13 [INFO][restartedMain][o.h.e.t.j.p.i.JtaPlatformInitiator:52] HHH000490: Using JtaPlatform implementation: [org.hibernate.engine.transaction.jta.platform.internal.NoJtaPlatform]
2022-11-08 11:27:13 [INFO][restartedMain][o.s.o.j.LocalContainerEntityManagerFactoryBean:437] Initialized JPA EntityManagerFactory for persistence unit 'default'
2022-11-08 11:27:14 [WARN][restartedMain][o.s.b.a.o.j.JpaBaseConfiguration$JpaWebConfiguration:219] spring.jpa.open-in-view is enabled by default. Therefore, database queries may be performed during view rendering. Explicitly configure spring.jpa.open-in-view to disable this warning
2022-11-08 11:27:15 [WARN][restartedMain][o.s.b.a.t.ThymeleafAutoConfiguration$DefaultTemplateResolverConfiguration:103] Cannot find template location: classpath:/templates/ (please add some templates or check your Thymeleaf configuration)
2022-11-08 11:27:15 [INFO][restartedMain][o.s.b.d.a.OptionalLiveReloadServer:59] LiveReload server is running on port 35729
2022-11-08 11:27:15 [INFO][restartedMain][o.s.b.w.e.t.TomcatWebServer:220] Tomcat started on port(s): 8080 (http) with context path ''
2022-11-08 11:27:15 [INFO][restartedMain][c.b.b.BookStoreApplication:61] Started BookStoreApplication in 17.514 seconds (JVM running for 26.835)
2022-11-08 11:31:01 [INFO][http-nio-8080-exec-1][o.a.c.c.C.[.[.[/]:173] Initializing Spring DispatcherServlet 'dispatcherServlet'
2022-11-08 11:31:01 [INFO][http-nio-8080-exec-1][o.s.w.s.DispatcherServlet:525] Initializing Servlet 'dispatcherServlet'
2022-11-08 11:31:01 [INFO][http-nio-8080-exec-1][o.s.w.s.DispatcherServlet:547] Completed initialization in 155 ms
2022-11-08 11:31:02 [WARN][http-nio-8080-exec-1][o.s.w.s.m.s.DefaultHandlerExceptionResolver:208] Resolved [org.springframework.web.bind.MissingServletRequestParameterException: Required request parameter 'token' for method parameter type String is not present]
2022-11-08 11:33:39 [WARN][http-nio-8080-exec-7][o.s.w.s.m.m.a.ExceptionHandlerExceptionResolver:208] Resolved [com.bridgelabz.bookstore.exception.CustomException: Book  with id 1 does not exist in database..!]
2022-11-08 11:54:48 [WARN][http-nio-8080-exec-5][o.s.w.s.m.m.a.ExceptionHandlerExceptionResolver:208] Resolved [com.bridgelabz.bookstore.exception.CustomException: Book  with id 1 does not exist in database..!]
2022-11-08 11:54:48 [WARN][http-nio-8080-exec-6][o.s.w.s.m.m.a.ExceptionHandlerExceptionResolver:208] Resolved [com.bridgelabz.bookstore.exception.CustomException: Book  with id 1 does not exist in database..!]
2022-11-08 12:06:48 [WARN][http-nio-8080-exec-8][o.s.w.s.m.m.a.ExceptionHandlerExceptionResolver:208] Resolved [com.bridgelabz.bookstore.exception.CustomException: Book  with id 2 does not exist in database..!]
2022-11-08 12:09:50 [WARN][http-nio-8080-exec-10][o.s.w.s.m.m.a.ExceptionHandlerExceptionResolver:208] Resolved [com.bridgelabz.bookstore.exception.CustomException: Book  with id 2 does not exist in database..!]
2022-11-08 12:09:50 [WARN][http-nio-8080-exec-9][o.s.w.s.m.m.a.ExceptionHandlerExceptionResolver:208] Resolved [com.bridgelabz.bookstore.exception.CustomException: Book  with id 2 does not exist in database..!]
2022-11-08 12:10:58 [WARN][http-nio-8080-exec-2][o.s.w.s.m.m.a.ExceptionHandlerExceptionResolver:208] Resolved [com.bridgelabz.bookstore.exception.CustomException: Book  with id 2 does not exist in database..!]
2022-11-08 12:10:58 [WARN][http-nio-8080-exec-1][o.s.w.s.m.m.a.ExceptionHandlerExceptionResolver:208] Resolved [com.bridgelabz.bookstore.exception.CustomException: Book  with id 2 does not exist in database..!]
2022-11-08 12:11:28 [WARN][http-nio-8080-exec-6][o.s.w.s.m.s.DefaultHandlerExceptionResolver:208] Resolved [org.springframework.web.bind.MissingRequestHeaderException: Required request header 'token' for method parameter type String is not present]
2022-11-08 12:11:29 [WARN][http-nio-8080-exec-7][o.s.w.s.m.s.DefaultHandlerExceptionResolver:208] Resolved [org.springframework.web.bind.MissingRequestHeaderException: Required request header 'token' for method parameter type String is not present]
2022-11-08 12:11:29 [WARN][http-nio-8080-exec-8][o.s.w.s.m.s.DefaultHandlerExceptionResolver:208] Resolved [org.springframework.web.bind.MissingRequestHeaderException: Required request header 'token' for method parameter type String is not present]
2022-11-08 12:11:30 [WARN][http-nio-8080-exec-10][o.s.w.s.m.s.DefaultHandlerExceptionResolver:208] Resolved [org.springframework.web.bind.MissingRequestHeaderException: Required request header 'token' for method parameter type String is not present]
2022-11-08 12:11:30 [WARN][http-nio-8080-exec-9][o.s.w.s.m.s.DefaultHandlerExceptionResolver:208] Resolved [org.springframework.web.bind.MissingRequestHeaderException: Required request header 'token' for method parameter type String is not present]
2022-11-08 12:11:30 [WARN][http-nio-8080-exec-2][o.s.w.s.m.s.DefaultHandlerExceptionResolver:208] Resolved [org.springframework.web.bind.MissingRequestHeaderException: Required request header 'token' for method parameter type String is not present]
2022-11-08 12:11:32 [WARN][http-nio-8080-exec-1][o.s.w.s.m.s.DefaultHandlerExceptionResolver:208] Resolved [org.springframework.web.bind.MissingRequestHeaderException: Required request header 'token' for method parameter type String is not present]
2022-11-08 12:11:32 [WARN][http-nio-8080-exec-3][o.s.w.s.m.s.DefaultHandlerExceptionResolver:208] Resolved [org.springframework.web.bind.MissingRequestHeaderException: Required request header 'token' for method parameter type String is not present]
2022-11-08 12:11:34 [WARN][http-nio-8080-exec-4][o.s.w.s.m.s.DefaultHandlerExceptionResolver:208] Resolved [org.springframework.web.bind.MissingRequestHeaderException: Required request header 'token' for method parameter type String is not present]
2022-11-08 12:11:34 [WARN][http-nio-8080-exec-5][o.s.w.s.m.s.DefaultHandlerExceptionResolver:208] Resolved [org.springframework.web.bind.MissingRequestHeaderException: Required request header 'token' for method parameter type String is not present]
2022-11-08 12:11:36 [WARN][http-nio-8080-exec-6][o.s.w.s.m.s.DefaultHandlerExceptionResolver:208] Resolved [org.springframework.web.bind.MissingRequestHeaderException: Required request header 'token' for method parameter type String is not present]
2022-11-08 12:11:36 [WARN][http-nio-8080-exec-7][o.s.w.s.m.s.DefaultHandlerExceptionResolver:208] Resolved [org.springframework.web.bind.MissingRequestHeaderException: Required request header 'token' for method parameter type String is not present]
2022-11-08 12:11:38 [WARN][http-nio-8080-exec-8][o.s.w.s.m.s.DefaultHandlerExceptionResolver:208] Resolved [org.springframework.web.bind.MissingRequestHeaderException: Required request header 'token' for method parameter type String is not present]
2022-11-08 12:11:38 [WARN][http-nio-8080-exec-10][o.s.w.s.m.s.DefaultHandlerExceptionResolver:208] Resolved [org.springframework.web.bind.MissingRequestHeaderException: Required request header 'token' for method parameter type String is not present]
2022-11-08 12:11:38 [WARN][http-nio-8080-exec-9][o.s.w.s.m.s.DefaultHandlerExceptionResolver:208] Resolved [org.springframework.web.bind.MissingRequestHeaderException: Required request header 'token' for method parameter type String is not present]
2022-11-08 12:12:10 [WARN][http-nio-8080-exec-2][o.s.w.s.m.s.DefaultHandlerExceptionResolver:208] Resolved [org.springframework.web.bind.MissingRequestHeaderException: Required request header 'token' for method parameter type String is not present]
2022-11-08 12:14:25 [WARN][http-nio-8080-exec-5][o.s.w.s.m.s.DefaultHandlerExceptionResolver:208] Resolved [org.springframework.web.bind.MissingRequestHeaderException: Required request header 'token' for method parameter type String is not present]
2022-11-08 12:15:50 [WARN][http-nio-8080-exec-8][o.s.w.s.m.s.DefaultHandlerExceptionResolver:208] Resolved [org.springframework.web.bind.MissingRequestHeaderException: Required request header 'token' for method parameter type String is not present]
2022-11-08 12:16:07 [WARN][http-nio-8080-exec-10][o.s.w.s.m.s.DefaultHandlerExceptionResolver:208] Resolved [org.springframework.web.bind.MissingRequestHeaderException: Required request header 'token' for method parameter type String is not present]
2022-11-08 12:20:43 [INFO][SpringApplicationShutdownHook][o.s.o.j.LocalContainerEntityManagerFactoryBean:651] Closing JPA EntityManagerFactory for persistence unit 'default'
2022-11-08 12:20:43 [INFO][SpringApplicationShutdownHook][c.z.h.HikariDataSource:350] HikariPool-1 - Shutdown initiated...
2022-11-08 12:20:43 [INFO][SpringApplicationShutdownHook][c.z.h.HikariDataSource:352] HikariPool-1 - Shutdown completed.
2022-11-08 12:21:28 [INFO][restartedMain][c.b.b.BookStoreApplication:55] Starting BookStoreApplication using Java 18.0.1.1 on DESKTOP-7H8U3U3 with PID 24104 (G:\vishangi\Felloship Program\Spring boot\BookStore\target\classes started by Jitesh in G:\vishangi\Felloship Program\Spring boot\BookStore)
2022-11-08 12:21:28 [INFO][restartedMain][c.b.b.BookStoreApplication:640] The following 1 profile is active: "dev"
2022-11-08 12:21:29 [INFO][restartedMain][o.s.b.d.e.DevToolsPropertyDefaultsPostProcessor:255] Devtools property defaults active! Set 'spring.devtools.add-properties' to 'false' to disable
2022-11-08 12:21:29 [INFO][restartedMain][o.s.b.d.e.DevToolsPropertyDefaultsPostProcessor:255] For additional web related logging consider setting the 'logging.level.web' property to 'DEBUG'
2022-11-08 12:21:33 [INFO][restartedMain][o.s.d.r.c.RepositoryConfigurationDelegate:132] Bootstrapping Spring Data JPA repositories in DEFAULT mode.
2022-11-08 12:21:34 [INFO][restartedMain][o.s.d.r.c.RepositoryConfigurationDelegate:201] Finished Spring Data repository scanning in 254 ms. Found 4 JPA repository interfaces.
2022-11-08 12:21:37 [INFO][restartedMain][o.s.b.w.e.t.TomcatWebServer:108] Tomcat initialized with port(s): 8080 (http)
2022-11-08 12:21:37 [INFO][restartedMain][o.a.c.c.StandardService:173] Starting service [Tomcat]
2022-11-08 12:21:37 [INFO][restartedMain][o.a.c.c.StandardEngine:173] Starting Servlet engine: [Apache Tomcat/9.0.65]
2022-11-08 12:21:37 [INFO][restartedMain][o.a.c.c.C.[.[.[/]:173] Initializing Spring embedded WebApplicationContext
2022-11-08 12:21:37 [INFO][restartedMain][o.s.b.w.s.c.ServletWebServerApplicationContext:292] Root WebApplicationContext: initialization completed in 8305 ms
2022-11-08 12:21:38 [INFO][restartedMain][o.h.j.i.u.LogHelper:31] HHH000204: Processing PersistenceUnitInfo [name: default]
2022-11-08 12:21:38 [INFO][restartedMain][o.h.Version:44] HHH000412: Hibernate ORM core version 5.6.10.Final
2022-11-08 12:21:39 [INFO][restartedMain][o.h.a.c.Version:56] HCANN000001: Hibernate Commons Annotations {5.1.2.Final}
2022-11-08 12:21:40 [INFO][restartedMain][c.z.h.HikariDataSource:110] HikariPool-1 - Starting...
2022-11-08 12:21:42 [INFO][restartedMain][c.z.h.HikariDataSource:123] HikariPool-1 - Start completed.
2022-11-08 12:21:42 [INFO][restartedMain][o.h.d.Dialect:175] HHH000400: Using dialect: org.hibernate.dialect.MySQL8Dialect
2022-11-08 12:21:46 [INFO][restartedMain][o.h.e.t.j.p.i.JtaPlatformInitiator:52] HHH000490: Using JtaPlatform implementation: [org.hibernate.engine.transaction.jta.platform.internal.NoJtaPlatform]
2022-11-08 12:21:46 [INFO][restartedMain][o.s.o.j.LocalContainerEntityManagerFactoryBean:437] Initialized JPA EntityManagerFactory for persistence unit 'default'
2022-11-08 12:21:48 [WARN][restartedMain][o.s.b.a.o.j.JpaBaseConfiguration$JpaWebConfiguration:219] spring.jpa.open-in-view is enabled by default. Therefore, database queries may be performed during view rendering. Explicitly configure spring.jpa.open-in-view to disable this warning
2022-11-08 12:21:49 [WARN][restartedMain][o.s.b.a.t.ThymeleafAutoConfiguration$DefaultTemplateResolverConfiguration:103] Cannot find template location: classpath:/templates/ (please add some templates or check your Thymeleaf configuration)
2022-11-08 12:21:49 [INFO][restartedMain][o.s.b.d.a.OptionalLiveReloadServer:59] LiveReload server is running on port 35729
2022-11-08 12:21:49 [INFO][restartedMain][o.s.b.w.e.t.TomcatWebServer:220] Tomcat started on port(s): 8080 (http) with context path ''
2022-11-08 12:21:49 [INFO][restartedMain][c.b.b.BookStoreApplication:61] Started BookStoreApplication in 25.863 seconds (JVM running for 29.19)
2022-11-08 12:23:12 [INFO][http-nio-8080-exec-1][o.a.c.c.C.[.[.[/]:173] Initializing Spring DispatcherServlet 'dispatcherServlet'
2022-11-08 12:23:12 [INFO][http-nio-8080-exec-1][o.s.w.s.DispatcherServlet:525] Initializing Servlet 'dispatcherServlet'
2022-11-08 12:23:12 [INFO][http-nio-8080-exec-1][o.s.w.s.DispatcherServlet:547] Completed initialization in 125 ms
2022-11-08 14:46:19 [WARN][HikariPool-1 housekeeper][c.z.h.p.HikariPool:788] HikariPool-1 - Thread starvation or clock leap detected (housekeeper delta=43m4s447ms220µs299ns).
2022-11-08 15:11:27 [INFO][SpringApplicationShutdownHook][o.s.o.j.LocalContainerEntityManagerFactoryBean:651] Closing JPA EntityManagerFactory for persistence unit 'default'
2022-11-08 15:11:27 [INFO][SpringApplicationShutdownHook][c.z.h.HikariDataSource:350] HikariPool-1 - Shutdown initiated...
2022-11-08 15:11:28 [INFO][SpringApplicationShutdownHook][c.z.h.HikariDataSource:352] HikariPool-1 - Shutdown completed.
